#
# There is insufficient memory for the Java Runtime Environment to continue.
# Cannot create GC thread. Out of system resources.
# Possible reasons:
#   The system is out of physical RAM or swap space
#   In 32 bit mode, the process size limit was hit
# Possible solutions:
#   Reduce memory load on the system
#   Increase physical memory or swap space
#   Check if swap backing store is full
#   Use 64 bit Java on a 64 bit OS
#   Decrease Java heap size (-Xmx/-Xms)
#   Decrease number of Java threads
#   Decrease Java thread stack sizes (-Xss)
#   Set larger code cache with -XX:ReservedCodeCacheSize=
# This output file may be truncated or incomplete.
#
#  Out of Memory Error (gcTaskThread.cpp:48), pid=2187, tid=0x00007fba877c1700
#
# JRE version:  (8.0_102-b14) (build )
# Java VM: OpenJDK 64-Bit Server VM (25.102-b14 mixed mode linux-amd64 compressed oops)
# Failed to write core dump. Core dumps have been disabled. To enable core dumping, try "ulimit -c unlimited" before starting Java again
#

---------------  T H R E A D  ---------------

Current thread (0x00007fba80009800):  JavaThread "Unknown thread" [_thread_in_vm, id=2188, stack(0x00007fba876c1000,0x00007fba877c2000)]

Stack: [0x00007fba876c1000,0x00007fba877c2000],  sp=0x00007fba877c0790,  free space=1021k
Native frames: (J=compiled Java code, j=interpreted, Vv=VM code, C=native code)
V  [libjvm.so+0xa1283d]
V  [libjvm.so+0x4c6c6a]
V  [libjvm.so+0x593c1f]
V  [libjvm.so+0x592de7]
V  [libjvm.so+0x897c34]
V  [libjvm.so+0x9dd219]
V  [libjvm.so+0x9dd422]
V  [libjvm.so+0x5f2015]
V  [libjvm.so+0x9c0b2e]
V  [libjvm.so+0x664f4f]  JNI_CreateJavaVM+0x5f
C  [libjli.so+0x3057]
C  [libpthread.so.0+0x7dc5]  start_thread+0xc5


---------------  P R O C E S S  ---------------

Java Threads: ( => current thread )

Other Threads:

=>0x00007fba80009800 (exited) JavaThread "Unknown thread" [_thread_in_vm, id=2188, stack(0x00007fba876c1000,0x00007fba877c2000)]

VM state:not at safepoint (not fully initialized)

VM Mutex/Monitor currently owned by a thread: None

GC Heap History (0 events):
No events

Deoptimization events (0 events):
No events

Internal exceptions (0 events):
No events

Events (0 events):
No events


Dynamic libraries:
00400000-00401000 r-xp 00000000 fd:02 4634581                            /usr/lib/jvm/java-1.8.0-openjdk-1.8.0.102-1.b14.el7_2.x86_64/bin/javac
00600000-00601000 r--p 00000000 fd:02 4634581                            /usr/lib/jvm/java-1.8.0-openjdk-1.8.0.102-1.b14.el7_2.x86_64/bin/javac
00601000-00602000 rw-p 00001000 fd:02 4634581                            /usr/lib/jvm/java-1.8.0-openjdk-1.8.0.102-1.b14.el7_2.x86_64/bin/javac
00fae000-00fcf000 rw-p 00000000 00:00 0                                  [heap]
1dc000000-1dc580000 rw-p 00000000 00:00 0 
1dc580000-5c9580000 ---p 00000000 00:00 0 
5c9580000-5c9800000 rw-p 00000000 00:00 0 
5c9800000-7c0000000 ---p 00000000 00:00 0 
7fba6aa9a000-7fba6aa9b000 ---p 00000000 00:00 0 
7fba6aa9b000-7fba6ab9b000 rw-p 00000000 00:00 0 
7fba6ab9b000-7fba6ab9c000 ---p 00000000 00:00 0 
7fba6ab9c000-7fba6ac9c000 rw-p 00000000 00:00 0                          [stack:2204]
7fba6ac9c000-7fba6ac9d000 ---p 00000000 00:00 0 
7fba6ac9d000-7fba6ad9d000 rw-p 00000000 00:00 0                          [stack:2203]
7fba6ad9d000-7fba6ad9e000 ---p 00000000 00:00 0 
7fba6ad9e000-7fba6ae9e000 rw-p 00000000 00:00 0                          [stack:2202]
7fba6ae9e000-7fba6ae9f000 ---p 00000000 00:00 0 
7fba6ae9f000-7fba6af9f000 rw-p 00000000 00:00 0                          [stack:2201]
7fba6af9f000-7fba6afa0000 ---p 00000000 00:00 0 
7fba6afa0000-7fba6b0a0000 rw-p 00000000 00:00 0                          [stack:2200]
7fba6b0a0000-7fba6b0a1000 ---p 00000000 00:00 0 
7fba6b0a1000-7fba6b1a1000 rw-p 00000000 00:00 0                          [stack:2199]
7fba6b1a1000-7fba6b1a2000 ---p 00000000 00:00 0 
7fba6b1a2000-7fba6b2a2000 rw-p 00000000 00:00 0                          [stack:2198]
7fba6b2a2000-7fba6b2a3000 ---p 00000000 00:00 0 
7fba6b2a3000-7fba6b3a3000 rw-p 00000000 00:00 0                          [stack:2197]
7fba6b3a3000-7fba6b3a4000 ---p 00000000 00:00 0 
7fba6b3a4000-7fba6b4a4000 rw-p 00000000 00:00 0                          [stack:2196]
7fba6b4a4000-7fba6b4a5000 ---p 00000000 00:00 0 
7fba6b4a5000-7fba6b5a5000 rw-p 00000000 00:00 0                          [stack:2195]
7fba6b5a5000-7fba6b5a6000 ---p 00000000 00:00 0 
7fba6b5a6000-7fba6b6a6000 rw-p 00000000 00:00 0                          [stack:2194]
7fba6b6a6000-7fba6b6a7000 ---p 00000000 00:00 0 
7fba6b6a7000-7fba6b7a7000 rw-p 00000000 00:00 0                          [stack:2193]
7fba6b7a7000-7fba6b7a8000 ---p 00000000 00:00 0 
7fba6b7a8000-7fba6b8a8000 rw-p 00000000 00:00 0                          [stack:2192]
7fba6b8a8000-7fba6b8a9000 ---p 00000000 00:00 0 
7fba6b8a9000-7fba6b9a9000 rw-p 00000000 00:00 0                          [stack:2191]
7fba6b9a9000-7fba6b9aa000 ---p 00000000 00:00 0 
7fba6b9aa000-7fba6baaa000 rw-p 00000000 00:00 0                          [stack:2190]
7fba6baaa000-7fba6baab000 ---p 00000000 00:00 0 
7fba6baab000-7fba6bbae000 rw-p 00000000 00:00 0                          [stack:2189]
7fba6bbae000-7fba6db16000 ---p 00000000 00:00 0 
7fba6db16000-7fba6db19000 rw-p 00000000 00:00 0 
7fba6db19000-7fba6fa80000 ---p 00000000 00:00 0 
7fba6fa80000-7fba6fa82000 rw-p 00000000 00:00 0 
7fba6fa82000-7fba70a36000 ---p 00000000 00:00 0 
7fba70a36000-7fba70a41000 rw-p 00000000 00:00 0 
7fba70a41000-7fba70df7000 ---p 00000000 00:00 0 
7fba70df7000-7fba71067000 rwxp 00000000 00:00 0 
7fba71067000-7fba7fdf7000 ---p 00000000 00:00 0 
7fba7fdf7000-7fba7fdff000 r-xp 00000000 fd:02 35860674                   /usr/lib/jvm/java-1.8.0-openjdk-1.8.0.102-1.b14.el7_2.x86_64/jre/lib/amd64/libzip.so
7fba7fdff000-7fba7fffe000 ---p 00008000 fd:02 35860674                   /usr/lib/jvm/java-1.8.0-openjdk-1.8.0.102-1.b14.el7_2.x86_64/jre/lib/amd64/libzip.so
7fba7fffe000-7fba7ffff000 r--p 00007000 fd:02 35860674                   /usr/lib/jvm/java-1.8.0-openjdk-1.8.0.102-1.b14.el7_2.x86_64/jre/lib/amd64/libzip.so
7fba7ffff000-7fba80000000 rw-p 00008000 fd:02 35860674                   /usr/lib/jvm/java-1.8.0-openjdk-1.8.0.102-1.b14.el7_2.x86_64/jre/lib/amd64/libzip.so
7fba80000000-7fba80052000 rw-p 00000000 00:00 0 
7fba80052000-7fba84000000 ---p 00000000 00:00 0 
7fba8403f000-7fba84844000 r--s 00000000 fd:05 595712                     /var/lib/sss/mc/passwd
7fba84844000-7fba8484c000 r-xp 00000000 fd:02 19055474                   /usr/lib64/libnss_sss.so.2
7fba8484c000-7fba84a4b000 ---p 00008000 fd:02 19055474                   /usr/lib64/libnss_sss.so.2
7fba84a4b000-7fba84a4c000 r--p 00007000 fd:02 19055474                   /usr/lib64/libnss_sss.so.2
7fba84a4c000-7fba84a4d000 rw-p 00008000 fd:02 19055474                   /usr/lib64/libnss_sss.so.2
7fba84a4d000-7fba84a59000 r-xp 00000000 fd:02 18388455                   /usr/lib64/libnss_files-2.17.so
7fba84a59000-7fba84c58000 ---p 0000c000 fd:02 18388455                   /usr/lib64/libnss_files-2.17.so
7fba84c58000-7fba84c59000 r--p 0000b000 fd:02 18388455                   /usr/lib64/libnss_files-2.17.so
7fba84c59000-7fba84c5a000 rw-p 0000c000 fd:02 18388455                   /usr/lib64/libnss_files-2.17.so
7fba84c5a000-7fba84c60000 rw-p 00000000 00:00 0 
7fba84c60000-7fba84c8d000 r-xp 00000000 fd:02 35860497                   /usr/lib/jvm/java-1.8.0-openjdk-1.8.0.102-1.b14.el7_2.x86_64/jre/lib/amd64/libjava.so
7fba84c8d000-7fba84e8c000 ---p 0002d000 fd:02 35860497                   /usr/lib/jvm/java-1.8.0-openjdk-1.8.0.102-1.b14.el7_2.x86_64/jre/lib/amd64/libjava.so
7fba84e8c000-7fba84e8d000 r--p 0002c000 fd:02 35860497                   /usr/lib/jvm/java-1.8.0-openjdk-1.8.0.102-1.b14.el7_2.x86_64/jre/lib/amd64/libjava.so
7fba84e8d000-7fba84e8f000 rw-p 0002d000 fd:02 35860497                   /usr/lib/jvm/java-1.8.0-openjdk-1.8.0.102-1.b14.el7_2.x86_64/jre/lib/amd64/libjava.so
7fba84e8f000-7fba84e9c000 r-xp 00000000 fd:02 35860673                   /usr/lib/jvm/java-1.8.0-openjdk-1.8.0.102-1.b14.el7_2.x86_64/jre/lib/amd64/libverify.so
7fba84e9c000-7fba8509b000 ---p 0000d000 fd:02 35860673                   /usr/lib/jvm/java-1.8.0-openjdk-1.8.0.102-1.b14.el7_2.x86_64/jre/lib/amd64/libverify.so
7fba8509b000-7fba8509d000 r--p 0000c000 fd:02 35860673                   /usr/lib/jvm/java-1.8.0-openjdk-1.8.0.102-1.b14.el7_2.x86_64/jre/lib/amd64/libverify.so
7fba8509d000-7fba8509e000 rw-p 0000e000 fd:02 35860673                   /usr/lib/jvm/java-1.8.0-openjdk-1.8.0.102-1.b14.el7_2.x86_64/jre/lib/amd64/libverify.so
7fba8509e000-7fba850a5000 r-xp 00000000 fd:02 18388461                   /usr/lib64/librt-2.17.so
7fba850a5000-7fba852a4000 ---p 00007000 fd:02 18388461                   /usr/lib64/librt-2.17.so
7fba852a4000-7fba852a5000 r--p 00006000 fd:02 18388461                   /usr/lib64/librt-2.17.so
7fba852a5000-7fba852a6000 rw-p 00007000 fd:02 18388461                   /usr/lib64/librt-2.17.so
7fba852a6000-7fba852bb000 r-xp 00000000 fd:02 16777347                   /usr/lib64/libgcc_s-4.8.5-20150702.so.1
7fba852bb000-7fba854ba000 ---p 00015000 fd:02 16777347                   /usr/lib64/libgcc_s-4.8.5-20150702.so.1
7fba854ba000-7fba854bb000 r--p 00014000 fd:02 16777347                   /usr/lib64/libgcc_s-4.8.5-20150702.so.1
7fba854bb000-7fba854bc000 rw-p 00015000 fd:02 16777347                   /usr/lib64/libgcc_s-4.8.5-20150702.so.1
7fba854bc000-7fba855bd000 r-xp 00000000 fd:02 18388449                   /usr/lib64/libm-2.17.so
7fba855bd000-7fba857bc000 ---p 00101000 fd:02 18388449                   /usr/lib64/libm-2.17.so
7fba857bc000-7fba857bd000 r--p 00100000 fd:02 18388449                   /usr/lib64/libm-2.17.so
7fba857bd000-7fba857be000 rw-p 00101000 fd:02 18388449                   /usr/lib64/libm-2.17.so
7fba857be000-7fba858a7000 r-xp 00000000 fd:02 16811605                   /usr/lib64/libstdc++.so.6.0.19
7fba858a7000-7fba85aa7000 ---p 000e9000 fd:02 16811605                   /usr/lib64/libstdc++.so.6.0.19
7fba85aa7000-7fba85aaf000 r--p 000e9000 fd:02 16811605                   /usr/lib64/libstdc++.so.6.0.19
7fba85aaf000-7fba85ab1000 rw-p 000f1000 fd:02 16811605                   /usr/lib64/libstdc++.so.6.0.19
7fba85ab1000-7fba85ac6000 rw-p 00000000 00:00 0 
7fba85ac6000-7fba866d6000 r-xp 00000000 fd:02 22376568                   /usr/lib/jvm/java-1.8.0-openjdk-1.8.0.102-1.b14.el7_2.x86_64/jre/lib/amd64/server/libjvm.so
7fba866d6000-7fba868d5000 ---p 00c10000 fd:02 22376568                   /usr/lib/jvm/java-1.8.0-openjdk-1.8.0.102-1.b14.el7_2.x86_64/jre/lib/amd64/server/libjvm.so
7fba868d5000-7fba86974000 r--p 00c0f000 fd:02 22376568                   /usr/lib/jvm/java-1.8.0-openjdk-1.8.0.102-1.b14.el7_2.x86_64/jre/lib/amd64/server/libjvm.so
7fba86974000-7fba8699d000 rw-p 00cae000 fd:02 22376568                   /usr/lib/jvm/java-1.8.0-openjdk-1.8.0.102-1.b14.el7_2.x86_64/jre/lib/amd64/server/libjvm.so
7fba8699d000-7fba869cf000 rw-p 00000000 00:00 0 
7fba869cf000-7fba86b86000 r-xp 00000000 fd:02 16811513                   /usr/lib64/libc-2.17.so
7fba86b86000-7fba86d86000 ---p 001b7000 fd:02 16811513                   /usr/lib64/libc-2.17.so
7fba86d86000-7fba86d8a000 r--p 001b7000 fd:02 16811513                   /usr/lib64/libc-2.17.so
7fba86d8a000-7fba86d8c000 rw-p 001bb000 fd:02 16811513                   /usr/lib64/libc-2.17.so
7fba86d8c000-7fba86d91000 rw-p 00000000 00:00 0 
7fba86d91000-7fba86d94000 r-xp 00000000 fd:02 18363758                   /usr/lib64/libdl-2.17.so
7fba86d94000-7fba86f93000 ---p 00003000 fd:02 18363758                   /usr/lib64/libdl-2.17.so
7fba86f93000-7fba86f94000 r--p 00002000 fd:02 18363758                   /usr/lib64/libdl-2.17.so
7fba86f94000-7fba86f95000 rw-p 00003000 fd:02 18363758                   /usr/lib64/libdl-2.17.so
7fba86f95000-7fba86fa3000 r-xp 00000000 fd:02 22376589                   /usr/lib/jvm/java-1.8.0-openjdk-1.8.0.102-1.b14.el7_2.x86_64/lib/amd64/jli/libjli.so
7fba86fa3000-7fba871a2000 ---p 0000e000 fd:02 22376589                   /usr/lib/jvm/java-1.8.0-openjdk-1.8.0.102-1.b14.el7_2.x86_64/lib/amd64/jli/libjli.so
7fba871a2000-7fba871a3000 r--p 0000d000 fd:02 22376589                   /usr/lib/jvm/java-1.8.0-openjdk-1.8.0.102-1.b14.el7_2.x86_64/lib/amd64/jli/libjli.so
7fba871a3000-7fba871a4000 rw-p 0000e000 fd:02 22376589                   /usr/lib/jvm/java-1.8.0-openjdk-1.8.0.102-1.b14.el7_2.x86_64/lib/amd64/jli/libjli.so
7fba871a4000-7fba871b9000 r-xp 00000000 fd:02 16811704                   /usr/lib64/libz.so.1.2.7
7fba871b9000-7fba873b8000 ---p 00015000 fd:02 16811704                   /usr/lib64/libz.so.1.2.7
7fba873b8000-7fba873b9000 r--p 00014000 fd:02 16811704                   /usr/lib64/libz.so.1.2.7
7fba873b9000-7fba873ba000 rw-p 00015000 fd:02 16811704                   /usr/lib64/libz.so.1.2.7
7fba873ba000-7fba873d0000 r-xp 00000000 fd:02 16811571                   /usr/lib64/libpthread-2.17.so
7fba873d0000-7fba875d0000 ---p 00016000 fd:02 16811571                   /usr/lib64/libpthread-2.17.so
7fba875d0000-7fba875d1000 r--p 00016000 fd:02 16811571                   /usr/lib64/libpthread-2.17.so
7fba875d1000-7fba875d2000 rw-p 00017000 fd:02 16811571                   /usr/lib64/libpthread-2.17.so
7fba875d2000-7fba875d6000 rw-p 00000000 00:00 0 
7fba875d6000-7fba875f7000 r-xp 00000000 fd:02 16811685                   /usr/lib64/ld-2.17.so
7fba876c1000-7fba876c4000 ---p 00000000 00:00 0 
7fba876c4000-7fba877c7000 rw-p 00000000 00:00 0                          [stack:2188]
7fba877e9000-7fba877ec000 rw-p 00000000 00:00 0 
7fba877ec000-7fba877f4000 rw-s 00000000 fd:06 16818619                   /tmp/hsperfdata_kannas/2187
7fba877f4000-7fba877f5000 rw-p 00000000 00:00 0 
7fba877f5000-7fba877f6000 r--p 00000000 00:00 0 
7fba877f6000-7fba877f7000 rw-p 00000000 00:00 0 
7fba877f7000-7fba877f8000 r--p 00021000 fd:02 16811685                   /usr/lib64/ld-2.17.so
7fba877f8000-7fba877f9000 rw-p 00022000 fd:02 16811685                   /usr/lib64/ld-2.17.so
7fba877f9000-7fba877fa000 rw-p 00000000 00:00 0 
7fff5a32b000-7fff5a34d000 rw-p 00000000 00:00 0                          [stack]
7fff5a3be000-7fff5a3c0000 r-xp 00000000 00:00 0                          [vdso]
ffffffffff600000-ffffffffff601000 r-xp 00000000 00:00 0                  [vsyscall]

VM Arguments:
jvm_args: -Dapplication.home=/usr/lib/jvm/java-1.8.0-openjdk-1.8.0.102-1.b14.el7_2.x86_64 -Xms8m 
java_command: com.sun.tools.javac.Main Eat.java
java_class_path (initial): /usr/lib/jvm/java-1.8.0-openjdk-1.8.0.102-1.b14.el7_2.x86_64/lib/tools.jar:/usr/lib/jvm/java-1.8.0-openjdk-1.8.0.102-1.b14.el7_2.x86_64/classes
Launcher Type: SUN_STANDARD

Environment Variables:
PATH=/bin:/sbin:/usr/local/bin:/usr/bin:/usr/local/apps/bin:/usr/bin/X11:/nfs/stak/students/k/kannas/bin:.
SHELL=/bin/bash

Signal Handlers:
SIGSEGV: [libjvm.so+0xa13350], sa_mask[0]=11111111011111111101111111111110, sa_flags=SA_RESTART|SA_SIGINFO
SIGBUS: [libjvm.so+0xa13350], sa_mask[0]=11111111011111111101111111111110, sa_flags=SA_RESTART|SA_SIGINFO
SIGFPE: [libjvm.so+0x86f180], sa_mask[0]=11111111011111111101111111111110, sa_flags=SA_RESTART|SA_SIGINFO
SIGPIPE: [libjvm.so+0x86f180], sa_mask[0]=11111111011111111101111111111110, sa_flags=SA_RESTART|SA_SIGINFO
SIGXFSZ: [libjvm.so+0x86f180], sa_mask[0]=11111111011111111101111111111110, sa_flags=SA_RESTART|SA_SIGINFO
SIGILL: [libjvm.so+0x86f180], sa_mask[0]=11111111011111111101111111111110, sa_flags=SA_RESTART|SA_SIGINFO
SIGUSR1: SIG_DFL, sa_mask[0]=00000000000000000000000000000000, sa_flags=none
SIGUSR2: [libjvm.so+0x86f030], sa_mask[0]=00000000000000000000000000000000, sa_flags=SA_RESTART|SA_SIGINFO
SIGHUP: SIG_DFL, sa_mask[0]=00000000000000000000000000000000, sa_flags=none
SIGINT: SIG_DFL, sa_mask[0]=00000000000000000000000000000000, sa_flags=none
SIGTERM: SIG_DFL, sa_mask[0]=00000000000000000000000000000000, sa_flags=none
SIGQUIT: SIG_DFL, sa_mask[0]=00000000000000000000000000000000, sa_flags=none


---------------  S Y S T E M  ---------------

OS:CentOS Linux release 7.2.1511 (Core) 

uname:Linux 3.10.0-327.10.1.el7.x86_64 #1 SMP Tue Feb 16 17:03:50 UTC 2016 x86_64
libc:glibc 2.17 NPTL 2.17 
rlimit: STACK 8192k, CORE 0k, NPROC 100, NOFILE 4096, AS infinity
load average:4.10 4.34 4.40

/proc/meminfo:
MemTotal:       98822468 kB
MemFree:        79327148 kB
MemAvailable:   88843196 kB
Buffers:             648 kB
Cached:         10669996 kB
SwapCached:       220660 kB
Active:          8911352 kB
Inactive:        7924252 kB
Active(anon):    5823140 kB
Inactive(anon):  2544404 kB
Active(file):    3088212 kB
Inactive(file):  5379848 kB
Unevictable:           0 kB
Mlocked:               0 kB
SwapTotal:       4194300 kB
SwapFree:         120996 kB
Dirty:                52 kB
Writeback:             0 kB
AnonPages:       5944648 kB
Mapped:           378368 kB
Shmem:           2202572 kB
Slab:            1657172 kB
SReclaimable:    1385872 kB
SUnreclaim:       271300 kB
KernelStack:       29760 kB
PageTables:       178468 kB
NFS_Unstable:          0 kB
Bounce:                0 kB
WritebackTmp:          0 kB
CommitLimit:    53605532 kB
Committed_AS:   20033596 kB
VmallocTotal:   34359738367 kB
VmallocUsed:      485768 kB
VmallocChunk:   34308123132 kB
HardwareCorrupted:     0 kB
AnonHugePages:   2850816 kB
HugePages_Total:       0
HugePages_Free:        0
HugePages_Rsvd:        0
HugePages_Surp:        0
Hugepagesize:       2048 kB
DirectMap4k:      226788 kB
DirectMap2M:    23877632 kB
DirectMap1G:    78643200 kB


CPU:total 24 (6 cores per cpu, 2 threads per core) family 6 model 44 stepping 2, cmov, cx8, fxsr, mmx, sse, sse2, sse3, ssse3, sse4.1, sse4.2, popcnt, aes, clmul, ht, tsc, tscinvbit, tscinv

/proc/cpuinfo:
processor	: 0
vendor_id	: GenuineIntel
cpu family	: 6
model		: 44
model name	: Intel(R) Xeon(R) CPU           X5650  @ 2.67GHz
stepping	: 2
microcode	: 0x1a
cpu MHz		: 2659.891
cache size	: 12288 KB
physical id	: 1
siblings	: 12
core id		: 0
cpu cores	: 6
apicid		: 32
initial apicid	: 32
fpu		: yes
fpu_exception	: yes
cpuid level	: 11
wp		: yes
flags		: fpu vme de pse tsc msr pae mce cx8 apic sep mtrr pge mca cmov pat pse36 clflush dts acpi mmx fxsr sse sse2 ss ht tm pbe syscall nx pdpe1gb rdtscp lm constant_tsc arch_perfmon pebs bts rep_good nopl xtopology nonstop_tsc aperfmperf pni pclmulqdq dtes64 monitor ds_cpl vmx smx est tm2 ssse3 cx16 xtpr pdcm pcid dca sse4_1 sse4_2 popcnt aes lahf_lm ida arat dtherm tpr_shadow vnmi flexpriority ept vpid
bogomips	: 5319.78
clflush size	: 64
cache_alignment	: 64
address sizes	: 40 bits physical, 48 bits virtual
power management:

processor	: 1
vendor_id	: GenuineIntel
cpu family	: 6
model		: 44
model name	: Intel(R) Xeon(R) CPU           X5650  @ 2.67GHz
stepping	: 2
microcode	: 0x1a
cpu MHz		: 2659.891
cache size	: 12288 KB
physical id	: 0
siblings	: 12
core id		: 0
cpu cores	: 6
apicid		: 0
initial apicid	: 0
fpu		: yes
fpu_exception	: yes
cpuid level	: 11
wp		: yes
flags		: fpu vme de pse tsc msr pae mce cx8 apic sep mtrr pge mca cmov pat pse36 clflush dts acpi mmx fxsr sse sse2 ss ht tm pbe syscall nx pdpe1gb rdtscp lm constant_tsc arch_perfmon pebs bts rep_good nopl xtopology nonstop_tsc aperfmperf pni pclmulqdq dtes64 monitor ds_cpl vmx smx est tm2 ssse3 cx16 xtpr pdcm pcid dca sse4_1 sse4_2 popcnt aes lahf_lm ida arat dtherm tpr_shadow vnmi flexpriority ept vpid
bogomips	: 5319.80
clflush size	: 64
cache_alignment	: 64
address sizes	: 40 bits physical, 48 bits virtual
power management:

processor	: 2
vendor_id	: GenuineIntel
cpu family	: 6
model		: 44
model name	: Intel(R) Xeon(R) CPU           X5650  @ 2.67GHz
stepping	: 2
microcode	: 0x1a
cpu MHz		: 2659.891
cache size	: 12288 KB
physical id	: 1
siblings	: 12
core id		: 1
cpu cores	: 6
apicid		: 34
initial apicid	: 34
fpu		: yes
fpu_exception	: yes
cpuid level	: 11
wp		: yes
flags		: fpu vme de pse tsc msr pae mce cx8 apic sep mtrr pge mca cmov pat pse36 clflush dts acpi mmx fxsr sse sse2 ss ht tm pbe syscall nx pdpe1gb rdtscp lm constant_tsc arch_perfmon pebs bts rep_good nopl xtopology nonstop_tsc aperfmperf pni pclmulqdq dtes64 monitor ds_cpl vmx smx est tm2 ssse3 cx16 xtpr pdcm pcid dca sse4_1 sse4_2 popcnt aes lahf_lm ida arat dtherm tpr_shadow vnmi flexpriority ept vpid
bogomips	: 5319.78
clflush size	: 64
cache_alignment	: 64
address sizes	: 40 bits physical, 48 bits virtual
power management:

processor	: 3
vendor_id	: GenuineIntel
cpu family	: 6
model		: 44
model name	: Intel(R) Xeon(R) CPU           X5650  @ 2.67GHz
stepping	: 2
microcode	: 0x1a
cpu MHz		: 2659.891
cache size	: 12288 KB
physical id	: 0
siblings	: 12
core id		: 1
cpu cores	: 6
apicid		: 2
initial apicid	: 2
fpu		: yes
fpu_exception	: yes
cpuid level	: 11
wp		: yes
flags		: fpu vme de pse tsc msr pae mce cx8 apic sep mtrr pge mca cmov pat pse36 clflush dts acpi mmx fxsr sse sse2 ss ht tm pbe syscall nx pdpe1gb rdtscp lm constant_tsc arch_perfmon pebs bts rep_good nopl xtopology nonstop_tsc aperfmperf pni pclmulqdq dtes64 monitor ds_cpl vmx smx est tm2 ssse3 cx16 xtpr pdcm pcid dca sse4_1 sse4_2 popcnt aes lahf_lm ida arat dtherm tpr_shadow vnmi flexpriority ept vpid
bogomips	: 5319.80
clflush size	: 64
cache_alignment	: 64
address sizes	: 40 bits physical, 48 bits virtual
power management:

processor	: 4
vendor_id	: GenuineIntel
cpu family	: 6
model		: 44
model name	: Intel(R) Xeon(R) CPU           X5650  @ 2.67GHz
stepping	: 2
microcode	: 0x1a
cpu MHz		: 2659.891
cache size	: 12288 KB
physical id	: 1
siblings	: 12
core id		: 2
cpu cores	: 6
apicid		: 36
initial apicid	: 36
fpu		: yes
fpu_exception	: yes
cpuid level	: 11
wp		: yes
flags		: fpu vme de pse tsc msr pae mce cx8 apic sep mtrr pge mca cmov pat pse36 clflush dts acpi mmx fxsr sse sse2 ss ht tm pbe syscall nx pdpe1gb rdtscp lm constant_tsc arch_perfmon pebs bts rep_good nopl xtopology nonstop_tsc aperfmperf pni pclmulqdq dtes64 monitor ds_cpl vmx smx est tm2 ssse3 cx16 xtpr pdcm pcid dca sse4_1 sse4_2 popcnt aes lahf_lm ida arat dtherm tpr_shadow vnmi flexpriority ept vpid
bogomips	: 5319.78
clflush size	: 64
cache_alignment	: 64
address sizes	: 40 bits physical, 48 bits virtual
power management:

processor	: 5
vendor_id	: GenuineIntel
cpu family	: 6
model		: 44
model name	: Intel(R) Xeon(R) CPU           X5650  @ 2.67GHz
stepping	: 2
microcode	: 0x1a
cpu MHz		: 2659.891
cache size	: 12288 KB
physical id	: 0
siblings	: 12
core id		: 2
cpu cores	: 6
apicid		: 4
initial apicid	: 4
fpu		: yes
fpu_exception	: yes
cpuid level	: 11
wp		: yes
flags		: fpu vme de pse tsc msr pae mce cx8 apic sep mtrr pge mca cmov pat pse36 clflush dts acpi mmx fxsr sse sse2 ss ht tm pbe syscall nx pdpe1gb rdtscp lm constant_tsc arch_perfmon pebs bts rep_good nopl xtopology nonstop_tsc aperfmperf pni pclmulqdq dtes64 monitor ds_cpl vmx smx est tm2 ssse3 cx16 xtpr pdcm pcid dca sse4_1 sse4_2 popcnt aes lahf_lm ida arat dtherm tpr_shadow vnmi flexpriority ept vpid
bogomips	: 5319.80
clflush size	: 64
cache_alignment	: 64
address sizes	: 40 bits physical, 48 bits virtual
power management:

processor	: 6
vendor_id	: GenuineIntel
cpu family	: 6
model		: 44
model name	: Intel(R) Xeon(R) CPU           X5650  @ 2.67GHz
stepping	: 2
microcode	: 0x1a
cpu MHz		: 2659.891
cache size	: 12288 KB
physical id	: 1
siblings	: 12
core id		: 8
cpu cores	: 6
apicid		: 48
initial apicid	: 48
fpu		: yes
fpu_exception	: yes
cpuid level	: 11
wp		: yes
flags		: fpu vme de pse tsc msr pae mce cx8 apic sep mtrr pge mca cmov pat pse36 clflush dts acpi mmx fxsr sse sse2 ss ht tm pbe syscall nx pdpe1gb rdtscp lm constant_tsc arch_perfmon pebs bts rep_good nopl xtopology nonstop_tsc aperfmperf pni pclmulqdq dtes64 monitor ds_cpl vmx smx est tm2 ssse3 cx16 xtpr pdcm pcid dca sse4_1 sse4_2 popcnt aes lahf_lm ida arat dtherm tpr_shadow vnmi flexpriority ept vpid
bogomips	: 5319.78
clflush size	: 64
cache_alignment	: 64
address sizes	: 40 bits physical, 48 bits virtual
power management:

processor	: 7
vendor_id	: GenuineIntel
cpu family	: 6
model		: 44
model name	: Intel(R) Xeon(R) CPU           X5650  @ 2.67GHz
stepping	: 2
microcode	: 0x1a
cpu MHz		: 2659.891
cache size	: 12288 KB
physical id	: 0
siblings	: 12
core id		: 8
cpu cores	: 6
apicid		: 16
initial apicid	: 16
fpu		: yes
fpu_exception	: yes
cpuid level	: 11
wp		: yes
flags		: fpu vme de pse tsc msr pae mce cx8 apic sep mtrr pge mca cmov pat pse36 clflush dts acpi mmx fxsr sse sse2 ss ht tm pbe syscall nx pdpe1gb rdtscp lm constant_tsc arch_perfmon pebs bts rep_good nopl xtopology nonstop_tsc aperfmperf pni pclmulqdq dtes64 monitor ds_cpl vmx smx est tm2 ssse3 cx16 xtpr pdcm pcid dca sse4_1 sse4_2 popcnt aes lahf_lm ida arat dtherm tpr_shadow vnmi flexpriority ept vpid
bogomips	: 5319.80
clflush size	: 64
cache_alignment	: 64
address sizes	: 40 bits physical, 48 bits virtual
power management:

processor	: 8
vendor_id	: GenuineIntel
cpu family	: 6
model		: 44
model name	: Intel(R) Xeon(R) CPU           X5650  @ 2.67GHz
stepping	: 2
microcode	: 0x1a
cpu MHz		: 2659.891
cache size	: 12288 KB
physical id	: 1
siblings	: 12
core id		: 9
cpu cores	: 6
apicid		: 50
initial apicid	: 50
fpu		: yes
fpu_exception	: yes
cpuid level	: 11
wp		: yes
flags		: fpu vme de pse tsc msr pae mce cx8 apic sep mtrr pge mca cmov pat pse36 clflush dts acpi mmx fxsr sse sse2 ss ht tm pbe syscall nx pdpe1gb rdtscp lm constant_tsc arch_perfmon pebs bts rep_good nopl xtopology nonstop_tsc aperfmperf pni pclmulqdq dtes64 monitor ds_cpl vmx smx est tm2 ssse3 cx16 xtpr pdcm pcid dca sse4_1 sse4_2 popcnt aes lahf_lm ida arat dtherm tpr_shadow vnmi flexpriority ept vpid
bogomips	: 5319.78
clflush size	: 64
cache_alignment	: 64
address sizes	: 40 bits physical, 48 bits virtual
power management:

processor	: 9
vendor_id	: GenuineIntel
cpu family	: 6
model		: 44
model name	: Intel(R) Xeon(R) CPU           X5650  @ 2.67GHz
stepping	: 2
microcode	: 0x1a
cpu MHz		: 2659.891
cache size	: 12288 KB
physical id	: 0
siblings	: 12
core id		: 9
cpu cores	: 6
apicid		: 18
initial apicid	: 18
fpu		: yes
fpu_exception	: yes
cpuid level	: 11
wp		: yes
flags		: fpu vme de pse tsc msr pae mce cx8 apic sep mtrr pge mca cmov pat pse36 clflush dts acpi mmx fxsr sse sse2 ss ht tm pbe syscall nx pdpe1gb rdtscp lm constant_tsc arch_perfmon pebs bts rep_good nopl xtopology nonstop_tsc aperfmperf pni pclmulqdq dtes64 monitor ds_cpl vmx smx est tm2 ssse3 cx16 xtpr pdcm pcid dca sse4_1 sse4_2 popcnt aes lahf_lm ida arat dtherm tpr_shadow vnmi flexpriority ept vpid
bogomips	: 5319.80
clflush size	: 64
cache_alignment	: 64
address sizes	: 40 bits physical, 48 bits virtual
power management:

processor	: 10
vendor_id	: GenuineIntel
cpu family	: 6
model		: 44
model name	: Intel(R) Xeon(R) CPU           X5650  @ 2.67GHz
stepping	: 2
microcode	: 0x1a
cpu MHz		: 2659.891
cache size	: 12288 KB
physical id	: 1
siblings	: 12
core id		: 10
cpu cores	: 6
apicid		: 52
initial apicid	: 52
fpu		: yes
fpu_exception	: yes
cpuid level	: 11
wp		: yes
flags		: fpu vme de pse tsc msr pae mce cx8 apic sep mtrr pge mca cmov pat pse36 clflush dts acpi mmx fxsr sse sse2 ss ht tm pbe syscall nx pdpe1gb rdtscp lm constant_tsc arch_perfmon pebs bts rep_good nopl xtopology nonstop_tsc aperfmperf pni pclmulqdq dtes64 monitor ds_cpl vmx smx est tm2 ssse3 cx16 xtpr pdcm pcid dca sse4_1 sse4_2 popcnt aes lahf_lm ida arat dtherm tpr_shadow vnmi flexpriority ept vpid
bogomips	: 5319.78
clflush size	: 64
cache_alignment	: 64
address sizes	: 40 bits physical, 48 bits virtual
power management:

processor	: 11
vendor_id	: GenuineIntel
cpu family	: 6
model		: 44
model name	: Intel(R) Xeon(R) CPU           X5650  @ 2.67GHz
stepping	: 2
microcode	: 0x1a
cpu MHz		: 2659.891
cache size	: 12288 KB
physical id	: 0
siblings	: 12
core id		: 10
cpu cores	: 6
apicid		: 20
initial apicid	: 20
fpu		: yes
fpu_exception	: yes
cpuid level	: 11
wp		: yes
flags		: fpu vme de pse tsc msr pae mce cx8 apic sep mtrr pge mca cmov pat pse36 clflush dts acpi mmx fxsr sse sse2 ss ht tm pbe syscall nx pdpe1gb rdtscp lm constant_tsc arch_perfmon pebs bts rep_good nopl xtopology nonstop_tsc aperfmperf pni pclmulqdq dtes64 monitor ds_cpl vmx smx est tm2 ssse3 cx16 xtpr pdcm pcid dca sse4_1 sse4_2 popcnt aes lahf_lm ida arat dtherm tpr_shadow vnmi flexpriority ept vpid
bogomips	: 5319.80
clflush size	: 64
cache_alignment	: 64
address sizes	: 40 bits physical, 48 bits virtual
power management:

processor	: 12
vendor_id	: GenuineIntel
cpu family	: 6
model		: 44
model name	: Intel(R) Xeon(R) CPU           X5650  @ 2.67GHz
stepping	: 2
microcode	: 0x1a
cpu MHz		: 2659.891
cache size	: 12288 KB
physical id	: 1
siblings	: 12
core id		: 0
cpu cores	: 6
apicid		: 33
initial apicid	: 33
fpu		: yes
fpu_exception	: yes
cpuid level	: 11
wp		: yes
flags		: fpu vme de pse tsc msr pae mce cx8 apic sep mtrr pge mca cmov pat pse36 clflush dts acpi mmx fxsr sse sse2 ss ht tm pbe syscall nx pdpe1gb rdtscp lm constant_tsc arch_perfmon pebs bts rep_good nopl xtopology nonstop_tsc aperfmperf pni pclmulqdq dtes64 monitor ds_cpl vmx smx est tm2 ssse3 cx16 xtpr pdcm pcid dca sse4_1 sse4_2 popcnt aes lahf_lm ida arat dtherm tpr_shadow vnmi flexpriority ept vpid
bogomips	: 5319.78
clflush size	: 64
cache_alignment	: 64
address sizes	: 40 bits physical, 48 bits virtual
power management:

processor	: 13
vendor_id	: GenuineIntel
cpu family	: 6
model		: 44
model name	: Intel(R) Xeon(R) CPU           X5650  @ 2.67GHz
stepping	: 2
microcode	: 0x1a
cpu MHz		: 2659.891
cache size	: 12288 KB
physical id	: 0
siblings	: 12
core id		: 0
cpu cores	: 6
apicid		: 1
initial apicid	: 1
fpu		: yes
fpu_exception	: yes
cpuid level	: 11
wp		: yes
flags		: fpu vme de pse tsc msr pae mce cx8 apic sep mtrr pge mca cmov pat pse36 clflush dts acpi mmx fxsr sse sse2 ss ht tm pbe syscall nx pdpe1gb rdtscp lm constant_tsc arch_perfmon pebs bts rep_good nopl xtopology nonstop_tsc aperfmperf pni pclmulqdq dtes64 monitor ds_cpl vmx smx est tm2 ssse3 cx16 xtpr pdcm pcid dca sse4_1 sse4_2 popcnt aes lahf_lm ida arat dtherm tpr_shadow vnmi flexpriority ept vpid
bogomips	: 5319.80
clflush size	: 64
cache_alignment	: 64
address sizes	: 40 bits physical, 48 bits virtual
power management:

processor	: 14
vendor_id	: GenuineIntel
cpu family	: 6
model		: 44
model name	: Intel(R) Xeon(R) CPU           X5650  @ 2.67GHz
stepping	: 2
microcode	: 0x1a
cpu MHz		: 2659.891
cache size	: 12288 KB
physical id	: 1
siblings	: 12
core id		: 1
cpu cores	: 6
apicid		: 35
initial apicid	: 35
fpu		: yes
fpu_exception	: yes
cpuid level	: 11
wp		: yes
flags		: fpu vme de pse tsc msr pae mce cx8 apic sep mtrr pge mca cmov pat pse36 clflush dts acpi mmx fxsr sse sse2 ss ht tm pbe syscall nx pdpe1gb rdtscp lm constant_tsc arch_perfmon pebs bts rep_good nopl xtopology nonstop_tsc aperfmperf pni pclmulqdq dtes64 monitor ds_cpl vmx smx est tm2 ssse3 cx16 xtpr pdcm pcid dca sse4_1 sse4_2 popcnt aes lahf_lm ida arat dtherm tpr_shadow vnmi flexpriority ept vpid
bogomips	: 5319.78
clflush size	: 64
cache_alignment	: 64
address sizes	: 40 bits physical, 48 bits virtual
power management:

processor	: 15
vendor_id	: GenuineIntel
cpu family	: 6
model		: 44
model name	: Intel(R) Xeon(R) CPU           X5650  @ 2.67GHz
stepping	: 2
microcode	: 0x1a
cpu MHz		: 2659.891
cache size	: 12288 KB
physical id	: 0
siblings	: 12
core id		: 1
cpu cores	: 6
apicid		: 3
initial apicid	: 3
fpu		: yes
fpu_exception	: yes
cpuid level	: 11
wp		: yes
flags		: fpu vme de pse tsc msr pae mce cx8 apic sep mtrr pge mca cmov pat pse36 clflush dts acpi mmx fxsr sse sse2 ss ht tm pbe syscall nx pdpe1gb rdtscp lm constant_tsc arch_perfmon pebs bts rep_good nopl xtopology nonstop_tsc aperfmperf pni pclmulqdq dtes64 monitor ds_cpl vmx smx est tm2 ssse3 cx16 xtpr pdcm pcid dca sse4_1 sse4_2 popcnt aes lahf_lm ida arat dtherm tpr_shadow vnmi flexpriority ept vpid
bogomips	: 5319.80
clflush size	: 64
cache_alignment	: 64
address sizes	: 40 bits physical, 48 bits virtual
power management:

processor	: 16
vendor_id	: GenuineIntel
cpu family	: 6
model		: 44
model name	: Intel(R) Xeon(R) CPU           X5650  @ 2.67GHz
stepping	: 2
microcode	: 0x1a
cpu MHz		: 2659.891
cache size	: 12288 KB
physical id	: 1
siblings	: 12
core id		: 2
cpu cores	: 6
apicid		: 37
initial apicid	: 37
fpu		: yes
fpu_exception	: yes
cpuid level	: 11
wp		: yes
flags		: fpu vme de pse tsc msr pae mce cx8 apic sep mtrr pge mca cmov pat pse36 clflush dts acpi mmx fxsr sse sse2 ss ht tm pbe syscall nx pdpe1gb rdtscp lm constant_tsc arch_perfmon pebs bts rep_good nopl xtopology nonstop_tsc aperfmperf pni pclmulqdq dtes64 monitor ds_cpl vmx smx est tm2 ssse3 cx16 xtpr pdcm pcid dca sse4_1 sse4_2 popcnt aes lahf_lm ida arat dtherm tpr_shadow vnmi flexpriority ept vpid
bogomips	: 5319.78
clflush size	: 64
cache_alignment	: 64
address sizes	: 40 bits physical, 48 bits virtual
power management:

processor	: 17
vendor_id	: GenuineIntel
cpu family	: 6
model		: 44
model name	: Intel(R) Xeon(R) CPU           X5650  @ 2.67GHz
stepping	: 2
microcode	: 0x1a
cpu MHz		: 2659.891
cache size	: 12288 KB
physical id	: 0
siblings	: 12
core id		: 2
cpu cores	: 6
apicid		: 5
initial apicid	: 5
fpu		: yes
fpu_exception	: yes
cpuid level	: 11
wp		: yes
flags		: fpu vme de pse tsc msr pae mce cx8 apic sep mtrr pge mca cmov pat pse36 clflush dts acpi mmx fxsr sse sse2 ss ht tm pbe syscall nx pdpe1gb rdtscp lm constant_tsc arch_perfmon pebs bts rep_good nopl xtopology nonstop_tsc aperfmperf pni pclmulqdq dtes64 monitor ds_cpl vmx smx est tm2 ssse3 cx16 xtpr pdcm pcid dca sse4_1 sse4_2 popcnt aes lahf_lm ida arat dtherm tpr_shadow vnmi flexpriority ept vpid
bogomips	: 5319.80
clflush size	: 64
cache_alignment	: 64
address sizes	: 40 bits physical, 48 bits virtual
power management:

processor	: 18
vendor_id	: GenuineIntel
cpu family	: 6
model		: 44
model name	: Intel(R) Xeon(R) CPU           X5650  @ 2.67GHz
stepping	: 2
microcode	: 0x1a
cpu MHz		: 2659.891
cache size	: 12288 KB
physical id	: 1
siblings	: 12
core id		: 8
cpu cores	: 6
apicid		: 49
initial apicid	: 49
fpu		: yes
fpu_exception	: yes
cpuid level	: 11
wp		: yes
flags		: fpu vme de pse tsc msr pae mce cx8 apic sep mtrr pge mca cmov pat pse36 clflush dts acpi mmx fxsr sse sse2 ss ht tm pbe syscall nx pdpe1gb rdtscp lm constant_tsc arch_perfmon pebs bts rep_good nopl xtopology nonstop_tsc aperfmperf pni pclmulqdq dtes64 monitor ds_cpl vmx smx est tm2 ssse3 cx16 xtpr pdcm pcid dca sse4_1 sse4_2 popcnt aes lahf_lm ida arat dtherm tpr_shadow vnmi flexpriority ept vpid
bogomips	: 5319.78
clflush size	: 64
cache_alignment	: 64
address sizes	: 40 bits physical, 48 bits virtual
power management:

processor	: 19
vendor_id	: GenuineIntel
cpu family	: 6
model		: 44
model name	: Intel(R) Xeon(R) CPU           X5650  @ 2.67GHz
stepping	: 2
microcode	: 0x1a
cpu MHz		: 2659.891
cache size	: 12288 KB
physical id	: 0
siblings	: 12
core id		: 8
cpu cores	: 6
apicid		: 17
initial apicid	: 17
fpu		: yes
fpu_exception	: yes
cpuid level	: 11
wp		: yes
flags		: fpu vme de pse tsc msr pae mce cx8 apic sep mtrr pge mca cmov pat pse36 clflush dts acpi mmx fxsr sse sse2 ss ht tm pbe syscall nx pdpe1gb rdtscp lm constant_tsc arch_perfmon pebs bts rep_good nopl xtopology nonstop_tsc aperfmperf pni pclmulqdq dtes64 monitor ds_cpl vmx smx est tm2 ssse3 cx16 xtpr pdcm pcid dca sse4_1 sse4_2 popcnt aes lahf_lm ida arat dtherm tpr_shadow vnmi flexpriority ept vpid
bogomips	: 5319.80
clflush size	: 64
cache_alignment	: 64
address sizes	: 40 bits physical, 48 bits virtual
power management:

processor	: 20
vendor_id	: GenuineIntel
cpu family	: 6
model		: 44
model name	: Intel(R) Xeon(R) CPU           X5650  @ 2.67GHz
stepping	: 2
microcode	: 0x1a
cpu MHz		: 2659.891
cache size	: 12288 KB
physical id	: 1
siblings	: 12
core id		: 9
cpu cores	: 6
apicid		: 51
initial apicid	: 51
fpu		: yes
fpu_exception	: yes
cpuid level	: 11
wp		: yes
flags		: fpu vme de pse tsc msr pae mce cx8 apic sep mtrr pge mca cmov pat pse36 clflush dts acpi mmx fxsr sse sse2 ss ht tm pbe syscall nx pdpe1gb rdtscp lm constant_tsc arch_perfmon pebs bts rep_good nopl xtopology nonstop_tsc aperfmperf pni pclmulqdq dtes64 monitor ds_cpl vmx smx est tm2 ssse3 cx16 xtpr pdcm pcid dca sse4_1 sse4_2 popcnt aes lahf_lm ida arat dtherm tpr_shadow vnmi flexpriority ept vpid
bogomips	: 5319.78
clflush size	: 64
cache_alignment	: 64
address sizes	: 40 bits physical, 48 bits virtual
power management:

processor	: 21
vendor_id	: GenuineIntel
cpu family	: 6
model		: 44
model name	: Intel(R) Xeon(R) CPU           X5650  @ 2.67GHz
stepping	: 2
microcode	: 0x1a
cpu MHz		: 2659.891
cache size	: 12288 KB
physical id	: 0
siblings	: 12
core id		: 9
cpu cores	: 6
apicid		: 19
initial apicid	: 19
fpu		: yes
fpu_exception	: yes
cpuid level	: 11
wp		: yes
flags		: fpu vme de pse tsc msr pae mce cx8 apic sep mtrr pge mca cmov pat pse36 clflush dts acpi mmx fxsr sse sse2 ss ht tm pbe syscall nx pdpe1gb rdtscp lm constant_tsc arch_perfmon pebs bts rep_good nopl xtopology nonstop_tsc aperfmperf pni pclmulqdq dtes64 monitor ds_cpl vmx smx est tm2 ssse3 cx16 xtpr pdcm pcid dca sse4_1 sse4_2 popcnt aes lahf_lm ida arat dtherm tpr_shadow vnmi flexpriority ept vpid
bogomips	: 5319.80
clflush size	: 64
cache_alignment	: 64
address sizes	: 40 bits physical, 48 bits virtual
power management:

processor	: 22
vendor_id	: GenuineIntel
cpu family	: 6
model		: 44
model name	: Intel(R) Xeon(R) CPU           X5650  @ 2.67GHz
stepping	: 2
microcode	: 0x1a
cpu MHz		: 2659.891
cache size	: 12288 KB
physical id	: 1
siblings	: 12
core id		: 10
cpu cores	: 6
apicid		: 53
initial apicid	: 53
fpu		: yes
fpu_exception	: yes
cpuid level	: 11
wp		: yes
flags		: fpu vme de pse tsc msr pae mce cx8 apic sep mtrr pge mca cmov pat pse36 clflush dts acpi mmx fxsr sse sse2 ss ht tm pbe syscall nx pdpe1gb rdtscp lm constant_tsc arch_perfmon pebs bts rep_good nopl xtopology nonstop_tsc aperfmperf pni pclmulqdq dtes64 monitor ds_cpl vmx smx est tm2 ssse3 cx16 xtpr pdcm pcid dca sse4_1 sse4_2 popcnt aes lahf_lm ida arat dtherm tpr_shadow vnmi flexpriority ept vpid
bogomips	: 5319.78
clflush size	: 64
cache_alignment	: 64
address sizes	: 40 bits physical, 48 bits virtual
power management:

processor	: 23
vendor_id	: GenuineIntel
cpu family	: 6
model		: 44
model name	: Intel(R) Xeon(R) CPU           X5650  @ 2.67GHz
stepping	: 2
microcode	: 0x1a
cpu MHz		: 2659.891
cache size	: 12288 KB
physical id	: 0
siblings	: 12
core id		: 10
cpu cores	: 6
apicid		: 21
initial apicid	: 21
fpu		: yes
fpu_exception	: yes
cpuid level	: 11
wp		: yes
flags		: fpu vme de pse tsc msr pae mce cx8 apic sep mtrr pge mca cmov pat pse36 clflush dts acpi mmx fxsr sse sse2 ss ht tm pbe syscall nx pdpe1gb rdtscp lm constant_tsc arch_perfmon pebs bts rep_good nopl xtopology nonstop_tsc aperfmperf pni pclmulqdq dtes64 monitor ds_cpl vmx smx est tm2 ssse3 cx16 xtpr pdcm pcid dca sse4_1 sse4_2 popcnt aes lahf_lm ida arat dtherm tpr_shadow vnmi flexpriority ept vpid
bogomips	: 5319.80
clflush size	: 64
cache_alignment	: 64
address sizes	: 40 bits physical, 48 bits virtual
power management:



Memory: 4k page, physical 98822468k(79327148k free), swap 4194300k(120996k free)

vm_info: OpenJDK 64-Bit Server VM (25.102-b14) for linux-amd64 JRE (1.8.0_102-b14), built on Sep 15 2016 15:09:14 by "mockbuild" with gcc 4.8.5 20150623 (Red Hat 4.8.5-4)

time: Mon Oct 17 19:10:37 2016
elapsed time: 0 seconds (0d 0h 0m 0s)

